<?xml version="1.0" encoding="UTF-8"?>
<!-- Generated by org.testng.reporters.JUnitXMLReporter -->
<testsuite hostname="Raja-HP" name="Selling Books" tests="1" failures="0" timestamp="25 Mar 2015 17:01:30 GMT" time="0.009" errors="0">
  <testcase name="@BeforeTest shouldWeSkip" time="0.0" classname="tests.SellItemsTest">
    <skipped/>
  </testcase> <!-- @BeforeTest shouldWeSkip -->
  <testcase name="testSellingBooks" time="0.001" classname="tests.SellItemsTest">
    <skipped/>
  </testcase> <!-- testSellingBooks -->
</testsuite> <!-- Selling Books -->
